  grid.cpp
E:\GameDevelopment\SDL_2023\interactableGrid\gridsystem_demo\grid.cpp(65,40): warning C4244: 'argument': conversion from 'int' to 'GLfloat', possible loss of data
E:\GameDevelopment\SDL_2023\interactableGrid\gridsystem_demo\grid.cpp(65,24): warning C4244: 'argument': conversion from 'int' to 'GLfloat', possible loss of data
E:\GameDevelopment\SDL_2023\interactableGrid\gridsystem_demo\grid.cpp(66,37): warning C4244: 'argument': conversion from 'int' to 'GLfloat', possible loss of data
E:\GameDevelopment\SDL_2023\interactableGrid\gridsystem_demo\grid.cpp(66,24): warning C4244: 'argument': conversion from 'int' to 'GLfloat', possible loss of data
E:\GameDevelopment\SDL_2023\interactableGrid\gridsystem_demo\grid.cpp(67,58): warning C4244: 'argument': conversion from 'int' to 'GLfloat', possible loss of data
E:\GameDevelopment\SDL_2023\interactableGrid\gridsystem_demo\grid.cpp(67,27): warning C4244: 'argument': conversion from 'int' to 'GLfloat', possible loss of data
E:\GameDevelopment\SDL_2023\interactableGrid\gridsystem_demo\grid.cpp(72,36): warning C4244: 'argument': conversion from 'int' to 'GLfloat', possible loss of data
E:\GameDevelopment\SDL_2023\interactableGrid\gridsystem_demo\grid.cpp(73,74): warning C4244: 'argument': conversion from 'int' to 'GLfloat', possible loss of data
E:\GameDevelopment\SDL_2023\interactableGrid\gridsystem_demo\grid.cpp(73,33): warning C4244: 'argument': conversion from 'int' to 'GLfloat', possible loss of data
E:\GameDevelopment\SDL_2023\interactableGrid\gridsystem_demo\grid.cpp(74,33): warning C4244: 'argument': conversion from 'int' to 'GLfloat', possible loss of data
E:\GameDevelopment\SDL_2023\interactableGrid\gridsystem_demo\grid.cpp(98,53): warning C4244: 'argument': conversion from 'int' to 'GLfloat', possible loss of data
E:\GameDevelopment\SDL_2023\interactableGrid\gridsystem_demo\grid.cpp(98,22): warning C4244: 'argument': conversion from 'int' to 'GLfloat', possible loss of data
E:\GameDevelopment\SDL_2023\interactableGrid\gridsystem_demo\grid.cpp(99,74): warning C4244: 'argument': conversion from 'int' to 'GLfloat', possible loss of data
E:\GameDevelopment\SDL_2023\interactableGrid\gridsystem_demo\grid.cpp(99,22): warning C4244: 'argument': conversion from 'int' to 'GLfloat', possible loss of data
E:\GameDevelopment\SDL_2023\interactableGrid\gridsystem_demo\grid.cpp(100,95): warning C4244: 'argument': conversion from 'int' to 'GLfloat', possible loss of data
E:\GameDevelopment\SDL_2023\interactableGrid\gridsystem_demo\grid.cpp(100,43): warning C4244: 'argument': conversion from 'int' to 'GLfloat', possible loss of data
E:\GameDevelopment\SDL_2023\interactableGrid\gridsystem_demo\grid.cpp(101,74): warning C4244: 'argument': conversion from 'int' to 'GLfloat', possible loss of data
E:\GameDevelopment\SDL_2023\interactableGrid\gridsystem_demo\grid.cpp(101,43): warning C4244: 'argument': conversion from 'int' to 'GLfloat', possible loss of data
  main.cpp
E:\GameDevelopment\SDL_2023\interactableGrid\gridsystem_demo\main.cpp(14,10): warning C4067: unexpected tokens following preprocessor directive - expected a newline
  Generating Code...
  gridsystem_demo.vcxproj -> E:\GameDevelopment\SDL_2023\interactableGrid\x64\Debug\gridsystem_demo.exe
